[
    [
        [
            {
                "Plan": {
                    "Node Type": "Aggregate",
                    "Strategy": "Sorted",
                    "Partial Mode": "Finalize",
                    "Parallel Aware": false,
                    "Startup Cost": 120092.35,
                    "Total Cost": 158094.8,
                    "Plan Rows": 150000,
                    "Plan Width": 12,
                    "Output": [
                        "customer.c_custkey",
                        "count(orders.o_orderkey)"
                    ],
                    "Group Key": [
                        "customer.c_custkey"
                    ],
                    "Plans": [
                        {
                            "Node Type": "Gather Merge",
                            "Parent Relationship": "Outer",
                            "Parallel Aware": false,
                            "Startup Cost": 120092.35,
                            "Total Cost": 155094.8,
                            "Plan Rows": 300000,
                            "Plan Width": 12,
                            "Output": [
                                "customer.c_custkey",
                                "(PARTIAL count(orders.o_orderkey))"
                            ],
                            "Workers Planned": 2,
                            "Plans": [
                                {
                                    "Node Type": "Sort",
                                    "Parent Relationship": "Outer",
                                    "Parallel Aware": false,
                                    "Startup Cost": 119092.33,
                                    "Total Cost": 119467.33,
                                    "Plan Rows": 150000,
                                    "Plan Width": 12,
                                    "Output": [
                                        "customer.c_custkey",
                                        "(PARTIAL count(orders.o_orderkey))"
                                    ],
                                    "Sort Key": [
                                        "customer.c_custkey"
                                    ],
                                    "Plans": [
                                        {
                                            "Node Type": "Aggregate",
                                            "Strategy": "Hashed",
                                            "Partial Mode": "Partial",
                                            "Parent Relationship": "Outer",
                                            "Parallel Aware": false,
                                            "Startup Cost": 97297.39,
                                            "Total Cost": 103630.88,
                                            "Plan Rows": 150000,
                                            "Plan Width": 12,
                                            "Output": [
                                                "customer.c_custkey",
                                                "PARTIAL count(orders.o_orderkey)"
                                            ],
                                            "Group Key": [
                                                "customer.c_custkey"
                                            ],
                                            "Planned Partitions": 4,
                                            "Plans": [
                                                {
                                                    "Node Type": "Hash Join",
                                                    "Parent Relationship": "Outer",
                                                    "Parallel Aware": true,
                                                    "Join Type": "Left",
                                                    "Startup Cost": 44058.51,
                                                    "Total Cost": 62496.24,
                                                    "Plan Rows": 618687,
                                                    "Plan Width": 8,
                                                    "Output": [
                                                        "customer.c_custkey",
                                                        "orders.o_orderkey"
                                                    ],
                                                    "Inner Unique": false,
                                                    "Hash Cond": "(customer.c_custkey = orders.o_custkey)",
                                                    "Plans": [
                                                        {
                                                            "Node Type": "Index Only Scan",
                                                            "Parent Relationship": "Outer",
                                                            "Parallel Aware": true,
                                                            "Scan Direction": "Forward",
                                                            "Index Name": "customer_pkey",
                                                            "Relation Name": "customer",
                                                            "Schema": "public",
                                                            "Alias": "customer",
                                                            "Startup Cost": 0.42,
                                                            "Total Cost": 3031.42,
                                                            "Plan Rows": 62500,
                                                            "Plan Width": 4,
                                                            "Output": [
                                                                "customer.c_custkey"
                                                            ]
                                                        },
                                                        {
                                                            "Node Type": "Hash",
                                                            "Parent Relationship": "Inner",
                                                            "Parallel Aware": true,
                                                            "Startup Cost": 33907.5,
                                                            "Total Cost": 33907.5,
                                                            "Plan Rows": 618687,
                                                            "Plan Width": 8,
                                                            "Output": [
                                                                "orders.o_orderkey",
                                                                "orders.o_custkey"
                                                            ],
                                                            "Plans": [
                                                                {
                                                                    "Node Type": "Seq Scan",
                                                                    "Parent Relationship": "Outer",
                                                                    "Parallel Aware": true,
                                                                    "Relation Name": "orders",
                                                                    "Schema": "public",
                                                                    "Alias": "orders",
                                                                    "Startup Cost": 0.0,
                                                                    "Total Cost": 33907.5,
                                                                    "Plan Rows": 618687,
                                                                    "Plan Width": 8,
                                                                    "Output": [
                                                                        "orders.o_orderkey",
                                                                        "orders.o_custkey"
                                                                    ],
                                                                    "Filter": "((orders.o_comment)::text !~~ '%pending%packages%'::text)"
                                                                }
                                                            ]
                                                        }
                                                    ]
                                                }
                                            ]
                                        }
                                    ]
                                }
                            ]
                        }
                    ]
                }
            }
        ]
    ]
]