[
    [
        [
            {
                "Plan": {
                    "Node Type": "Aggregate",
                    "Strategy": "Sorted",
                    "Partial Mode": "Finalize",
                    "Parallel Aware": false,
                    "Startup Cost": 120092.35,
                    "Total Cost": 158094.8,
                    "Plan Rows": 150000,
                    "Plan Width": 12,
                    "Actual Startup Time": 1314.021,
                    "Actual Total Time": 1576.016,
                    "Actual Rows": 150000,
                    "Actual Loops": 1,
                    "Output": [
                        "customer.c_custkey",
                        "count(orders.o_orderkey)"
                    ],
                    "Group Key": [
                        "customer.c_custkey"
                    ],
                    "Plans": [
                        {
                            "Node Type": "Gather Merge",
                            "Parent Relationship": "Outer",
                            "Parallel Aware": false,
                            "Startup Cost": 120092.35,
                            "Total Cost": 155094.8,
                            "Plan Rows": 300000,
                            "Plan Width": 12,
                            "Actual Startup Time": 1314.002,
                            "Actual Total Time": 1520.298,
                            "Actual Rows": 150000,
                            "Actual Loops": 1,
                            "Output": [
                                "customer.c_custkey",
                                "(PARTIAL count(orders.o_orderkey))"
                            ],
                            "Workers Planned": 2,
                            "Workers Launched": 2,
                            "Plans": [
                                {
                                    "Node Type": "Sort",
                                    "Parent Relationship": "Outer",
                                    "Parallel Aware": false,
                                    "Startup Cost": 119092.33,
                                    "Total Cost": 119467.33,
                                    "Plan Rows": 150000,
                                    "Plan Width": 12,
                                    "Actual Startup Time": 1215.94,
                                    "Actual Total Time": 1225.816,
                                    "Actual Rows": 50000,
                                    "Actual Loops": 3,
                                    "Output": [
                                        "customer.c_custkey",
                                        "(PARTIAL count(orders.o_orderkey))"
                                    ],
                                    "Sort Key": [
                                        "customer.c_custkey"
                                    ],
                                    "Sort Method": "quicksort",
                                    "Sort Space Used": 3792,
                                    "Sort Space Type": "Memory",
                                    "Workers": [
                                        {
                                            "Worker Number": 0,
                                            "Actual Startup Time": 1171.77,
                                            "Actual Total Time": 1181.654,
                                            "Actual Rows": 48647,
                                            "Actual Loops": 1,
                                            "Sort Method": "quicksort",
                                            "Sort Space Used": 3646,
                                            "Sort Space Type": "Memory"
                                        },
                                        {
                                            "Worker Number": 1,
                                            "Actual Startup Time": 1163.905,
                                            "Actual Total Time": 1173.928,
                                            "Actual Rows": 49588,
                                            "Actual Loops": 1,
                                            "Sort Method": "quicksort",
                                            "Sort Space Used": 3690,
                                            "Sort Space Type": "Memory"
                                        }
                                    ],
                                    "Plans": [
                                        {
                                            "Node Type": "Aggregate",
                                            "Strategy": "Hashed",
                                            "Partial Mode": "Partial",
                                            "Parent Relationship": "Outer",
                                            "Parallel Aware": false,
                                            "Startup Cost": 97297.39,
                                            "Total Cost": 103630.88,
                                            "Plan Rows": 150000,
                                            "Plan Width": 12,
                                            "Actual Startup Time": 1100.18,
                                            "Actual Total Time": 1191.746,
                                            "Actual Rows": 50000,
                                            "Actual Loops": 3,
                                            "Output": [
                                                "customer.c_custkey",
                                                "PARTIAL count(orders.o_orderkey)"
                                            ],
                                            "Group Key": [
                                                "customer.c_custkey"
                                            ],
                                            "Planned Partitions": 4,
                                            "HashAgg Batches": 5,
                                            "Peak Memory Usage": 4145,
                                            "Disk Usage": 7488,
                                            "Workers": [
                                                {
                                                    "Worker Number": 0,
                                                    "Actual Startup Time": 1068.43,
                                                    "Actual Total Time": 1149.351,
                                                    "Actual Rows": 48647,
                                                    "Actual Loops": 1,
                                                    "HashAgg Batches": 5,
                                                    "Peak Memory Usage": 4145,
                                                    "Disk Usage": 7280
                                                },
                                                {
                                                    "Worker Number": 1,
                                                    "Actual Startup Time": 1055.352,
                                                    "Actual Total Time": 1141.787,
                                                    "Actual Rows": 49588,
                                                    "Actual Loops": 1,
                                                    "HashAgg Batches": 5,
                                                    "Peak Memory Usage": 4145,
                                                    "Disk Usage": 7328
                                                }
                                            ],
                                            "Plans": [
                                                {
                                                    "Node Type": "Hash Join",
                                                    "Parent Relationship": "Outer",
                                                    "Parallel Aware": true,
                                                    "Join Type": "Left",
                                                    "Startup Cost": 44058.51,
                                                    "Total Cost": 62496.24,
                                                    "Plan Rows": 618687,
                                                    "Plan Width": 8,
                                                    "Actual Startup Time": 585.557,
                                                    "Actual Total Time": 881.861,
                                                    "Actual Rows": 511301,
                                                    "Actual Loops": 3,
                                                    "Output": [
                                                        "customer.c_custkey",
                                                        "orders.o_orderkey"
                                                    ],
                                                    "Inner Unique": false,
                                                    "Hash Cond": "(customer.c_custkey = orders.o_custkey)",
                                                    "Workers": [
                                                        {
                                                            "Worker Number": 0,
                                                            "Actual Startup Time": 557.053,
                                                            "Actual Total Time": 852.522,
                                                            "Actual Rows": 497589,
                                                            "Actual Loops": 1
                                                        },
                                                        {
                                                            "Worker Number": 1,
                                                            "Actual Startup Time": 545.928,
                                                            "Actual Total Time": 838.003,
                                                            "Actual Rows": 506226,
                                                            "Actual Loops": 1
                                                        }
                                                    ],
                                                    "Plans": [
                                                        {
                                                            "Node Type": "Index Only Scan",
                                                            "Parent Relationship": "Outer",
                                                            "Parallel Aware": true,
                                                            "Scan Direction": "Forward",
                                                            "Index Name": "customer_pkey",
                                                            "Relation Name": "customer",
                                                            "Schema": "public",
                                                            "Alias": "customer",
                                                            "Startup Cost": 0.42,
                                                            "Total Cost": 3031.42,
                                                            "Plan Rows": 62500,
                                                            "Plan Width": 4,
                                                            "Actual Startup Time": 0.145,
                                                            "Actual Total Time": 9.029,
                                                            "Actual Rows": 50000,
                                                            "Actual Loops": 3,
                                                            "Output": [
                                                                "customer.c_custkey"
                                                            ],
                                                            "Heap Fetches": 0,
                                                            "Workers": [
                                                                {
                                                                    "Worker Number": 0,
                                                                    "Actual Startup Time": 0.18,
                                                                    "Actual Total Time": 9.367,
                                                                    "Actual Rows": 55632,
                                                                    "Actual Loops": 1
                                                                },
                                                                {
                                                                    "Worker Number": 1,
                                                                    "Actual Startup Time": 0.208,
                                                                    "Actual Total Time": 9.344,
                                                                    "Actual Rows": 49044,
                                                                    "Actual Loops": 1
                                                                }
                                                            ]
                                                        },
                                                        {
                                                            "Node Type": "Hash",
                                                            "Parent Relationship": "Inner",
                                                            "Parallel Aware": true,
                                                            "Startup Cost": 33907.5,
                                                            "Total Cost": 33907.5,
                                                            "Plan Rows": 618687,
                                                            "Plan Width": 8,
                                                            "Actual Startup Time": 490.28,
                                                            "Actual Total Time": 490.281,
                                                            "Actual Rows": 494633,
                                                            "Actual Loops": 3,
                                                            "Output": [
                                                                "orders.o_orderkey",
                                                                "orders.o_custkey"
                                                            ],
                                                            "Hash Buckets": 131072,
                                                            "Original Hash Buckets": 131072,
                                                            "Hash Batches": 32,
                                                            "Original Hash Batches": 32,
                                                            "Peak Memory Usage": 2912,
                                                            "Workers": [
                                                                {
                                                                    "Worker Number": 0,
                                                                    "Actual Startup Time": 458.149,
                                                                    "Actual Total Time": 458.151,
                                                                    "Actual Rows": 475024,
                                                                    "Actual Loops": 1
                                                                },
                                                                {
                                                                    "Worker Number": 1,
                                                                    "Actual Startup Time": 447.014,
                                                                    "Actual Total Time": 447.015,
                                                                    "Actual Rows": 462519,
                                                                    "Actual Loops": 1
                                                                }
                                                            ],
                                                            "Plans": [
                                                                {
                                                                    "Node Type": "Seq Scan",
                                                                    "Parent Relationship": "Outer",
                                                                    "Parallel Aware": true,
                                                                    "Relation Name": "orders",
                                                                    "Schema": "public",
                                                                    "Alias": "orders",
                                                                    "Startup Cost": 0.0,
                                                                    "Total Cost": 33907.5,
                                                                    "Plan Rows": 618687,
                                                                    "Plan Width": 8,
                                                                    "Actual Startup Time": 0.256,
                                                                    "Actual Total Time": 281.435,
                                                                    "Actual Rows": 494633,
                                                                    "Actual Loops": 3,
                                                                    "Output": [
                                                                        "orders.o_orderkey",
                                                                        "orders.o_custkey"
                                                                    ],
                                                                    "Filter": "((orders.o_comment)::text !~~ '%pending%packages%'::text)",
                                                                    "Rows Removed by Filter": 5367,
                                                                    "Workers": [
                                                                        {
                                                                            "Worker Number": 0,
                                                                            "Actual Startup Time": 0.299,
                                                                            "Actual Total Time": 269.203,
                                                                            "Actual Rows": 475024,
                                                                            "Actual Loops": 1
                                                                        },
                                                                        {
                                                                            "Worker Number": 1,
                                                                            "Actual Startup Time": 0.253,
                                                                            "Actual Total Time": 259.886,
                                                                            "Actual Rows": 462519,
                                                                            "Actual Loops": 1
                                                                        }
                                                                    ]
                                                                }
                                                            ]
                                                        }
                                                    ]
                                                }
                                            ]
                                        }
                                    ]
                                }
                            ]
                        }
                    ]
                },
                "Planning Time": 4.986,
                "Triggers": [],
                "Execution Time": 1588.833
            }
        ]
    ]
]